<?xml version="1.0" encoding="UTF-8"?>
<testsuite xmlns:xsi="http://www.w3.org/2001/XMLSchema-instance" xsi:noNamespaceSchemaLocation="https://maven.apache.org/surefire/maven-surefire-plugin/xsd/surefire-test-report.xsd" version="3.0.1" name="com.frankmoley.lil.AppTest" time="0.075" tests="1" errors="0" skipped="0" failures="0">
  <properties>
    <property name="java.specification.version" value="21"/>
    <property name="sun.jnu.encoding" value="UTF-8"/>
    <property name="java.class.path" value="/workspaces/java-learning-jdbc-linkedin/learning-jdbc/target/test-classes:/workspaces/java-learning-jdbc-linkedin/learning-jdbc/target/classes:/home/vscode/.m2/repository/org/junit/jupiter/junit-jupiter-api/5.11.0/junit-jupiter-api-5.11.0.jar:/home/vscode/.m2/repository/org/opentest4j/opentest4j/1.3.0/opentest4j-1.3.0.jar:/home/vscode/.m2/repository/org/junit/platform/junit-platform-commons/1.11.0/junit-platform-commons-1.11.0.jar:/home/vscode/.m2/repository/org/apiguardian/apiguardian-api/1.1.2/apiguardian-api-1.1.2.jar:/home/vscode/.m2/repository/org/postgresql/postgresql/42.7.8/postgresql-42.7.8.jar:/home/vscode/.m2/repository/org/checkerframework/checker-qual/3.49.5/checker-qual-3.49.5.jar:/home/vscode/.m2/repository/org/junit/jupiter/junit-jupiter-params/5.11.0/junit-jupiter-params-5.11.0.jar:"/>
    <property name="java.vm.vendor" value="Microsoft"/>
    <property name="sun.arch.data.model" value="64"/>
    <property name="java.vendor.url" value="https://www.microsoft.com"/>
    <property name="os.name" value="Linux"/>
    <property name="java.vm.specification.version" value="21"/>
    <property name="sun.java.launcher" value="SUN_STANDARD"/>
    <property name="user.country" value="US"/>
    <property name="sun.boot.library.path" value="/usr/lib/jvm/msopenjdk-current/lib"/>
    <property name="sun.java.command" value="/workspaces/java-learning-jdbc-linkedin/learning-jdbc/target/surefire/surefirebooter-20251006132624620_3.jar /workspaces/java-learning-jdbc-linkedin/learning-jdbc/target/surefire 2025-10-06T13-26-23_718-jvmRun1 surefire-20251006132624620_1tmp surefire_0-20251006132624620_2tmp"/>
    <property name="jdk.debug" value="release"/>
    <property name="surefire.test.class.path" value="/workspaces/java-learning-jdbc-linkedin/learning-jdbc/target/test-classes:/workspaces/java-learning-jdbc-linkedin/learning-jdbc/target/classes:/home/vscode/.m2/repository/org/junit/jupiter/junit-jupiter-api/5.11.0/junit-jupiter-api-5.11.0.jar:/home/vscode/.m2/repository/org/opentest4j/opentest4j/1.3.0/opentest4j-1.3.0.jar:/home/vscode/.m2/repository/org/junit/platform/junit-platform-commons/1.11.0/junit-platform-commons-1.11.0.jar:/home/vscode/.m2/repository/org/apiguardian/apiguardian-api/1.1.2/apiguardian-api-1.1.2.jar:/home/vscode/.m2/repository/org/postgresql/postgresql/42.7.8/postgresql-42.7.8.jar:/home/vscode/.m2/repository/org/checkerframework/checker-qual/3.49.5/checker-qual-3.49.5.jar:/home/vscode/.m2/repository/org/junit/jupiter/junit-jupiter-params/5.11.0/junit-jupiter-params-5.11.0.jar:"/>
    <property name="sun.cpu.endian" value="little"/>
    <property name="user.home" value="/home/vscode"/>
    <property name="user.language" value="en"/>
    <property name="java.specification.vendor" value="Oracle Corporation"/>
    <property name="java.version.date" value="2025-07-15"/>
    <property name="java.home" value="/usr/lib/jvm/msopenjdk-current"/>
    <property name="file.separator" value="/"/>
    <property name="basedir" value="/workspaces/java-learning-jdbc-linkedin/learning-jdbc"/>
    <property name="java.vm.compressedOopsMode" value="32-bit"/>
    <property name="line.separator" value="&#10;"/>
    <property name="java.specification.name" value="Java Platform API Specification"/>
    <property name="java.vm.specification.vendor" value="Oracle Corporation"/>
    <property name="surefire.real.class.path" value="/workspaces/java-learning-jdbc-linkedin/learning-jdbc/target/surefire/surefirebooter-20251006132624620_3.jar"/>
    <property name="sun.management.compiler" value="HotSpot 64-Bit Tiered Compilers"/>
    <property name="java.runtime.version" value="21.0.8+9-LTS"/>
    <property name="user.name" value="vscode"/>
    <property name="stdout.encoding" value="UTF-8"/>
    <property name="path.separator" value=":"/>
    <property name="os.version" value="6.8.0-1030-azure"/>
    <property name="java.runtime.name" value="OpenJDK Runtime Environment"/>
    <property name="file.encoding" value="UTF-8"/>
    <property name="java.vm.name" value="OpenJDK 64-Bit Server VM"/>
    <property name="java.vendor.version" value="Microsoft-11933203"/>
    <property name="localRepository" value="/home/vscode/.m2/repository"/>
    <property name="java.vendor.url.bug" value="https://github.com/microsoft/openjdk/issues"/>
    <property name="java.io.tmpdir" value="/tmp"/>
    <property name="java.version" value="21.0.8"/>
    <property name="user.dir" value="/workspaces/java-learning-jdbc-linkedin/learning-jdbc"/>
    <property name="os.arch" value="amd64"/>
    <property name="java.vm.specification.name" value="Java Virtual Machine Specification"/>
    <property name="native.encoding" value="UTF-8"/>
    <property name="java.library.path" value="/usr/java/packages/lib:/usr/lib64:/lib64:/lib:/usr/lib"/>
    <property name="java.vm.info" value="mixed mode, sharing"/>
    <property name="stderr.encoding" value="UTF-8"/>
    <property name="java.vendor" value="Microsoft"/>
    <property name="java.vm.version" value="21.0.8+9-LTS"/>
    <property name="sun.io.unicode.encoding" value="UnicodeLittle"/>
    <property name="java.class.version" value="65.0"/>
  </properties>
  <testcase name="shouldAnswerWithTrue" classname="com.frankmoley.lil.AppTest" time="0.029"/>
</testsuite>